<?xml version="1.0" encoding="UTF-8"?>
<!-- Generated by org.testng.reporters.JUnitXMLReporter -->
<testsuite ignored="4" hostname="DESKTOP-0BH1UMI" failures="10" tests="12" name="Test" time="87.246" errors="0" timestamp="2024-03-11T21:53:25 IST">
  <testcase classname="com.rt.tests.Flipkart" name="goToFlipkart" time="0.074"/>
  <testcase classname="com.rt.tests.Flipkart" name="searchAndAddToCart" time="11.109"/>
  <testcase classname="com.rt.tests.Flipkart" name="proceedToCheckout" time="2.772">
    <failure type="java.lang.AssertionError" message="expected [true] but found [false]">
      <![CDATA[java.lang.AssertionError: expected [true] but found [false]
at com.rt.tests.Flipkart.proceedToCheckout(Flipkart.java:62)
at java.base/java.util.ArrayList.forEach(ArrayList.java:1511)
... Removed 31 stack frames]]>
    </failure>
  </testcase> <!-- proceedToCheckout -->
  <testcase classname="com.rt.tests.Flipkart" name="proceedToCheckout" time="4.609">
    <failure type="java.lang.AssertionError" message="expected [true] but found [false]">
      <![CDATA[java.lang.AssertionError: expected [true] but found [false]
at com.rt.tests.Flipkart.proceedToCheckout(Flipkart.java:62)
at java.base/java.util.ArrayList.forEach(ArrayList.java:1511)
... Removed 31 stack frames]]>
    </failure>
  </testcase> <!-- proceedToCheckout -->
  <testcase classname="com.rt.tests.Flipkart" name="proceedToCheckout" time="4.395">
    <failure type="java.lang.AssertionError" message="expected [true] but found [false]">
      <![CDATA[java.lang.AssertionError: expected [true] but found [false]
at com.rt.tests.Flipkart.proceedToCheckout(Flipkart.java:62)
at java.base/java.util.ArrayList.forEach(ArrayList.java:1511)
... Removed 31 stack frames]]>
    </failure>
  </testcase> <!-- proceedToCheckout -->
  <testcase classname="com.rt.tests.Flipkart" name="proceedToCheckout" time="2.789">
    <failure type="java.lang.AssertionError" message="expected [true] but found [false]">
      <![CDATA[java.lang.AssertionError: expected [true] but found [false]
at com.rt.tests.Flipkart.proceedToCheckout(Flipkart.java:62)
at java.base/java.util.ArrayList.forEach(ArrayList.java:1511)
... Removed 31 stack frames]]>
    </failure>
  </testcase> <!-- proceedToCheckout -->
  <testcase classname="com.rt.tests.Flipkart" name="proceedToCheckout" time="3.039">
    <failure type="java.lang.AssertionError" message="expected [true] but found [false]">
      <![CDATA[java.lang.AssertionError: expected [true] but found [false]
at com.rt.tests.Flipkart.proceedToCheckout(Flipkart.java:62)
at java.base/java.util.ArrayList.forEach(ArrayList.java:1511)
... Removed 31 stack frames]]>
    </failure>
  </testcase> <!-- proceedToCheckout -->
  <testcase classname="com.rt.tests.Flipkart" name="proceedToCheckout" time="2.22">
    <failure type="java.lang.AssertionError" message="expected [true] but found [false]">
      <![CDATA[java.lang.AssertionError: expected [true] but found [false]
at com.rt.tests.Flipkart.proceedToCheckout(Flipkart.java:62)
at java.base/java.util.ArrayList.forEach(ArrayList.java:1511)
... Removed 31 stack frames]]>
    </failure>
  </testcase> <!-- proceedToCheckout -->
  <testcase classname="com.rt.tests.Flipkart" name="proceedToCheckout" time="2.278">
    <failure type="java.lang.AssertionError" message="expected [true] but found [false]">
      <![CDATA[java.lang.AssertionError: expected [true] but found [false]
at com.rt.tests.Flipkart.proceedToCheckout(Flipkart.java:62)
at java.base/java.util.ArrayList.forEach(ArrayList.java:1511)
... Removed 31 stack frames]]>
    </failure>
  </testcase> <!-- proceedToCheckout -->
  <testcase classname="com.rt.tests.Flipkart" name="proceedToCheckout" time="2.899">
    <failure type="java.lang.AssertionError" message="expected [true] but found [false]">
      <![CDATA[java.lang.AssertionError: expected [true] but found [false]
at com.rt.tests.Flipkart.proceedToCheckout(Flipkart.java:62)
at java.base/java.util.ArrayList.forEach(ArrayList.java:1511)
... Removed 31 stack frames]]>
    </failure>
  </testcase> <!-- proceedToCheckout -->
  <testcase classname="com.rt.tests.Flipkart" name="proceedToCheckout" time="2.425">
    <failure type="java.lang.AssertionError" message="expected [true] but found [false]">
      <![CDATA[java.lang.AssertionError: expected [true] but found [false]
at com.rt.tests.Flipkart.proceedToCheckout(Flipkart.java:62)
at java.base/java.util.ArrayList.forEach(ArrayList.java:1511)
... Removed 31 stack frames]]>
    </failure>
  </testcase> <!-- proceedToCheckout -->
  <testcase classname="com.rt.tests.Flipkart" name="proceedToCheckout" time="2.397">
    <failure type="java.lang.AssertionError" message="expected [true] but found [false]">
      <![CDATA[java.lang.AssertionError: expected [true] but found [false]
at com.rt.tests.Flipkart.proceedToCheckout(Flipkart.java:62)
at java.base/java.util.ArrayList.forEach(ArrayList.java:1511)
... Removed 31 stack frames]]>
    </failure>
  </testcase> <!-- proceedToCheckout -->
  <testcase classname="com.rt.tests.Flipkart" name="shippingInformation" time="0.0">
    <ignored/>
  </testcase> <!-- shippingInformation -->
  <testcase classname="com.rt.tests.Flipkart" name="userAuthentication" time="0.0">
    <ignored/>
  </testcase> <!-- userAuthentication -->
  <testcase classname="com.rt.tests.Flipkart" name="paymentInformation" time="0.0">
    <ignored/>
  </testcase> <!-- paymentInformation -->
  <testcase classname="com.rt.tests.Flipkart" name="reviewOrder" time="0.0">
    <ignored/>
  </testcase> <!-- reviewOrder -->
</testsuite> <!-- Test -->
